<?xml version="1.0" encoding="UTF-8"?>
<testng-results skipped="0" failed="0" total="1" passed="1">
  <reporter-output>
  </reporter-output>
  <suite name="Surefire suite" duration-ms="343" started-at="2017-12-11T21:14:09Z" finished-at="2017-12-11T21:14:09Z">
    <groups>
    </groups>
    <test name="Surefire test" duration-ms="343" started-at="2017-12-11T21:14:09Z" finished-at="2017-12-11T21:14:09Z">
      <class name="com.ing.mortgage.services.MortgageServiceTest">
        <test-method status="PASS" signature="calculateEMITest()[pri:0, instance:calculateEMITest(com.ing.mortgage.services.MortgageServiceTest)]" name="calculateEMITest" duration-ms="31" started-at="2017-12-12T02:44:09Z" finished-at="2017-12-12T02:44:09Z">
          <reporter-output>
          </reporter-output>
        </test-method> <!-- calculateEMITest -->
      </class> <!-- com.ing.mortgage.services.MortgageServiceTest -->
    </test> <!-- Surefire test -->
  </suite> <!-- Surefire suite -->
</testng-results>
